{"/Users/drewsmacbookpro/Documents/antigravity/goofy-meitner/luxe/functions/src/pricing/index.ts": {"path":"/Users/drewsmacbookpro/Documents/antigravity/goofy-meitner/luxe/functions/src/pricing/index.ts","statementMap":{"0":{"start":{"line":10,"column":49},"end":{"line":10,"column":null}},"1":{"start":{"line":11,"column":22},"end":{"line":11,"column":null}},"2":{"start":{"line":12,"column":22},"end":{"line":12,"column":null}},"3":{"start":{"line":15,"column":16},"end":{"line":15,"column":null}},"4":{"start":{"line":16,"column":2},"end":{"line":18,"column":null}},"5":{"start":{"line":17,"column":4},"end":{"line":17,"column":null}},"6":{"start":{"line":20,"column":23},"end":{"line":20,"column":null}},"7":{"start":{"line":22,"column":2},"end":{"line":83,"column":null}},"8":{"start":{"line":23,"column":18},"end":{"line":23,"column":null}},"9":{"start":{"line":24,"column":4},"end":{"line":24,"column":null}},"10":{"start":{"line":25,"column":4},"end":{"line":30,"column":null}},"11":{"start":{"line":31,"column":9},"end":{"line":83,"column":null}},"12":{"start":{"line":35,"column":41},"end":{"line":35,"column":null}},"13":{"start":{"line":36,"column":4},"end":{"line":44,"column":null}},"14":{"start":{"line":37,"column":19},"end":{"line":37,"column":null}},"15":{"start":{"line":37,"column":45},"end":{"line":37,"column":77}},"16":{"start":{"line":38,"column":6},"end":{"line":43,"column":null}},"17":{"start":{"line":39,"column":8},"end":{"line":42,"column":null}},"18":{"start":{"line":46,"column":4},"end":{"line":68,"column":null}},"19":{"start":{"line":47,"column":6},"end":{"line":47,"column":null}},"20":{"start":{"line":48,"column":6},"end":{"line":53,"column":null}},"21":{"start":{"line":56,"column":6},"end":{"line":61,"column":null}},"22":{"start":{"line":62,"column":6},"end":{"line":67,"column":null}},"23":{"start":{"line":71,"column":4},"end":{"line":76,"column":null}},"24":{"start":{"line":77,"column":4},"end":{"line":82,"column":null}},"25":{"start":{"line":85,"column":2},"end":{"line":85,"column":null}},"26":{"start":{"line":86,"column":2},"end":{"line":86,"column":null}},"27":{"start":{"line":89,"column":2},"end":{"line":98,"column":null}},"28":{"start":{"line":90,"column":19},"end":{"line":90,"column":null}},"29":{"start":{"line":91,"column":4},"end":{"line":96,"column":null}},"30":{"start":{"line":97,"column":4},"end":{"line":97,"column":null}},"31":{"start":{"line":101,"column":2},"end":{"line":110,"column":null}},"32":{"start":{"line":102,"column":19},"end":{"line":102,"column":null}},"33":{"start":{"line":103,"column":4},"end":{"line":108,"column":null}},"34":{"start":{"line":109,"column":4},"end":{"line":109,"column":null}},"35":{"start":{"line":113,"column":2},"end":{"line":122,"column":null}},"36":{"start":{"line":114,"column":19},"end":{"line":114,"column":null}},"37":{"start":{"line":115,"column":4},"end":{"line":120,"column":null}},"38":{"start":{"line":121,"column":4},"end":{"line":121,"column":null}},"39":{"start":{"line":125,"column":2},"end":{"line":145,"column":null}},"40":{"start":{"line":127,"column":6},"end":{"line":129,"column":null}},"41":{"start":{"line":131,"column":28},"end":{"line":131,"column":null}},"42":{"start":{"line":132,"column":4},"end":{"line":144,"column":null}},"43":{"start":{"line":133,"column":24},"end":{"line":133,"column":null}},"44":{"start":{"line":134,"column":21},"end":{"line":134,"column":null}},"45":{"start":{"line":135,"column":28},"end":{"line":135,"column":null}},"46":{"start":{"line":136,"column":21},"end":{"line":136,"column":null}},"47":{"start":{"line":137,"column":6},"end":{"line":142,"column":null}},"48":{"start":{"line":143,"column":6},"end":{"line":143,"column":null}},"49":{"start":{"line":148,"column":2},"end":{"line":156,"column":null}},"50":{"start":{"line":149,"column":4},"end":{"line":154,"column":null}},"51":{"start":{"line":155,"column":4},"end":{"line":155,"column":null}},"52":{"start":{"line":157,"column":2},"end":{"line":165,"column":null}},"53":{"start":{"line":158,"column":4},"end":{"line":163,"column":null}},"54":{"start":{"line":164,"column":4},"end":{"line":164,"column":null}},"55":{"start":{"line":170,"column":4},"end":{"line":172,"column":null}},"56":{"start":{"line":174,"column":20},"end":{"line":174,"column":null}},"57":{"start":{"line":177,"column":2},"end":{"line":208,"column":null}},"58":{"start":{"line":178,"column":17},"end":{"line":178,"column":null}},"59":{"start":{"line":179,"column":22},"end":{"line":179,"column":null}},"60":{"start":{"line":180,"column":20},"end":{"line":180,"column":null}},"61":{"start":{"line":181,"column":23},"end":{"line":181,"column":null}},"62":{"start":{"line":183,"column":4},"end":{"line":189,"column":null}},"63":{"start":{"line":185,"column":6},"end":{"line":185,"column":null}},"64":{"start":{"line":188,"column":6},"end":{"line":188,"column":null}},"65":{"start":{"line":191,"column":4},"end":{"line":207,"column":null}},"66":{"start":{"line":192,"column":19},"end":{"line":192,"column":null}},"67":{"start":{"line":193,"column":6},"end":{"line":197,"column":null}},"68":{"start":{"line":194,"column":8},"end":{"line":196,"column":null}},"69":{"start":{"line":198,"column":6},"end":{"line":206,"column":null}},"70":{"start":{"line":199,"column":8},"end":{"line":204,"column":null}},"71":{"start":{"line":205,"column":8},"end":{"line":205,"column":null}},"72":{"start":{"line":211,"column":23},"end":{"line":211,"column":null}},"73":{"start":{"line":212,"column":21},"end":{"line":212,"column":null}},"74":{"start":{"line":213,"column":2},"end":{"line":230,"column":null}},"75":{"start":{"line":214,"column":4},"end":{"line":229,"column":null}},"76":{"start":{"line":215,"column":19},"end":{"line":215,"column":null}},"77":{"start":{"line":216,"column":6},"end":{"line":218,"column":null}},"78":{"start":{"line":217,"column":8},"end":{"line":217,"column":null}},"79":{"start":{"line":219,"column":6},"end":{"line":227,"column":null}},"80":{"start":{"line":220,"column":8},"end":{"line":225,"column":null}},"81":{"start":{"line":226,"column":8},"end":{"line":226,"column":null}},"82":{"start":{"line":228,"column":6},"end":{"line":228,"column":null}},"83":{"start":{"line":233,"column":2},"end":{"line":245,"column":null}},"84":{"start":{"line":235,"column":6},"end":{"line":235,"column":null}},"85":{"start":{"line":236,"column":4},"end":{"line":244,"column":null}},"86":{"start":{"line":237,"column":6},"end":{"line":242,"column":null}},"87":{"start":{"line":243,"column":6},"end":{"line":243,"column":null}},"88":{"start":{"line":248,"column":2},"end":{"line":265,"column":null}},"89":{"start":{"line":252,"column":17},"end":{"line":252,"column":null}},"90":{"start":{"line":253,"column":4},"end":{"line":255,"column":null}},"91":{"start":{"line":254,"column":6},"end":{"line":254,"column":null}},"92":{"start":{"line":256,"column":4},"end":{"line":264,"column":null}},"93":{"start":{"line":257,"column":6},"end":{"line":262,"column":null}},"94":{"start":{"line":263,"column":6},"end":{"line":263,"column":null}},"95":{"start":{"line":270,"column":22},"end":{"line":270,"column":null}},"96":{"start":{"line":271,"column":2},"end":{"line":275,"column":null}},"97":{"start":{"line":273,"column":6},"end":{"line":273,"column":null}},"98":{"start":{"line":274,"column":4},"end":{"line":274,"column":null}},"99":{"start":{"line":278,"column":17},"end":{"line":278,"column":null}},"100":{"start":{"line":279,"column":2},"end":{"line":281,"column":null}},"101":{"start":{"line":280,"column":4},"end":{"line":280,"column":null}},"102":{"start":{"line":284,"column":21},"end":{"line":284,"column":null}},"103":{"start":{"line":286,"column":2},"end":{"line":297,"column":null}},"104":{"start":{"line":308,"column":4},"end":{"line":310,"column":null}},"105":{"start":{"line":312,"column":25},"end":{"line":312,"column":null}},"106":{"start":{"line":313,"column":28},"end":{"line":313,"column":null}},"107":{"start":{"line":316,"column":18},"end":{"line":316,"column":null}},"108":{"start":{"line":316,"column":59},"end":{"line":316,"column":100}},"109":{"start":{"line":318,"column":2},"end":{"line":329,"column":null}},"110":{"start":{"line":319,"column":4},"end":{"line":321,"column":null}},"111":{"start":{"line":320,"column":6},"end":{"line":320,"column":null}},"112":{"start":{"line":322,"column":4},"end":{"line":328,"column":null}},"113":{"start":{"line":323,"column":16},"end":{"line":323,"column":null}},"114":{"start":{"line":324,"column":6},"end":{"line":326,"column":null}},"115":{"start":{"line":325,"column":8},"end":{"line":325,"column":null}},"116":{"start":{"line":327,"column":6},"end":{"line":327,"column":null}},"117":{"start":{"line":331,"column":2},"end":{"line":331,"column":null}}},"fnMap":{"0":{"name":"calculatePrice","decl":{"start":{"line":4,"column":16},"end":{"line":4,"column":null}},"loc":{"start":{"line":9,"column":18},"end":{"line":298,"column":null}},"line":9},"1":{"name":"(anonymous_1)","decl":{"start":{"line":37,"column":33},"end":{"line":37,"column":39}},"loc":{"start":{"line":37,"column":45},"end":{"line":37,"column":77}},"line":37},"2":{"name":"calculateCancellationFee","decl":{"start":{"line":300,"column":16},"end":{"line":300,"column":null}},"loc":{"start":{"line":306,"column":10},"end":{"line":332,"column":null}},"line":306},"3":{"name":"(anonymous_3)","decl":{"start":{"line":316,"column":44},"end":{"line":316,"column":50}},"loc":{"start":{"line":316,"column":59},"end":{"line":316,"column":100}},"line":316}},"branchMap":{"0":{"loc":{"start":{"line":16,"column":2},"end":{"line":18,"column":null}},"type":"if","locations":[{"start":{"line":16,"column":2},"end":{"line":18,"column":null}},{"start":{},"end":{}}],"line":16},"1":{"loc":{"start":{"line":22,"column":2},"end":{"line":83,"column":null}},"type":"if","locations":[{"start":{"line":22,"column":2},"end":{"line":83,"column":null}},{"start":{"line":31,"column":9},"end":{"line":83,"column":null}}],"line":22},"2":{"loc":{"start":{"line":23,"column":27},"end":{"line":23,"column":45}},"type":"binary-expr","locations":[{"start":{"line":23,"column":27},"end":{"line":23,"column":42}},{"start":{"line":23,"column":42},"end":{"line":23,"column":45}}],"line":23},"3":{"loc":{"start":{"line":31,"column":9},"end":{"line":83,"column":null}},"type":"if","locations":[{"start":{"line":31,"column":9},"end":{"line":83,"column":null}},{"start":{"line":69,"column":9},"end":{"line":83,"column":null}}],"line":31},"4":{"loc":{"start":{"line":32,"column":4},"end":{"line":33,"column":null}},"type":"binary-expr","locations":[{"start":{"line":32,"column":4},"end":{"line":32,"column":null}},{"start":{"line":33,"column":4},"end":{"line":33,"column":null}}],"line":32},"5":{"loc":{"start":{"line":36,"column":4},"end":{"line":44,"column":null}},"type":"if","locations":[{"start":{"line":36,"column":4},"end":{"line":44,"column":null}},{"start":{},"end":{}}],"line":36},"6":{"loc":{"start":{"line":36,"column":8},"end":{"line":36,"column":40}},"type":"binary-expr","locations":[{"start":{"line":36,"column":8},"end":{"line":36,"column":19}},{"start":{"line":36,"column":19},"end":{"line":36,"column":40}}],"line":36},"7":{"loc":{"start":{"line":38,"column":6},"end":{"line":43,"column":null}},"type":"if","locations":[{"start":{"line":38,"column":6},"end":{"line":43,"column":null}},{"start":{},"end":{}}],"line":38},"8":{"loc":{"start":{"line":38,"column":10},"end":{"line":38,"column":49}},"type":"binary-expr","locations":[{"start":{"line":38,"column":10},"end":{"line":38,"column":18}},{"start":{"line":38,"column":18},"end":{"line":38,"column":49}}],"line":38},"9":{"loc":{"start":{"line":40,"column":10},"end":{"line":42,"column":null}},"type":"cond-expr","locations":[{"start":{"line":41,"column":14},"end":{"line":41,"column":null}},{"start":{"line":42,"column":14},"end":{"line":42,"column":null}}],"line":40},"10":{"loc":{"start":{"line":46,"column":4},"end":{"line":68,"column":null}},"type":"if","locations":[{"start":{"line":46,"column":4},"end":{"line":68,"column":null}},{"start":{"line":54,"column":11},"end":{"line":68,"column":null}}],"line":46},"11":{"loc":{"start":{"line":89,"column":2},"end":{"line":98,"column":null}},"type":"if","locations":[{"start":{"line":89,"column":2},"end":{"line":98,"column":null}},{"start":{},"end":{}}],"line":89},"12":{"loc":{"start":{"line":101,"column":2},"end":{"line":110,"column":null}},"type":"if","locations":[{"start":{"line":101,"column":2},"end":{"line":110,"column":null}},{"start":{},"end":{}}],"line":101},"13":{"loc":{"start":{"line":113,"column":2},"end":{"line":122,"column":null}},"type":"if","locations":[{"start":{"line":113,"column":2},"end":{"line":122,"column":null}},{"start":{},"end":{}}],"line":113},"14":{"loc":{"start":{"line":125,"column":2},"end":{"line":145,"column":null}},"type":"if","locations":[{"start":{"line":125,"column":2},"end":{"line":145,"column":null}},{"start":{},"end":{}}],"line":125},"15":{"loc":{"start":{"line":127,"column":6},"end":{"line":129,"column":null}},"type":"cond-expr","locations":[{"start":{"line":128,"column":10},"end":{"line":128,"column":null}},{"start":{"line":129,"column":10},"end":{"line":129,"column":null}}],"line":127},"16":{"loc":{"start":{"line":127,"column":6},"end":{"line":127,"column":null}},"type":"binary-expr","locations":[{"start":{"line":127,"column":6},"end":{"line":127,"column":46}},{"start":{"line":127,"column":46},"end":{"line":127,"column":null}}],"line":127},"17":{"loc":{"start":{"line":132,"column":4},"end":{"line":144,"column":null}},"type":"if","locations":[{"start":{"line":132,"column":4},"end":{"line":144,"column":null}},{"start":{},"end":{}}],"line":132},"18":{"loc":{"start":{"line":148,"column":2},"end":{"line":156,"column":null}},"type":"if","locations":[{"start":{"line":148,"column":2},"end":{"line":156,"column":null}},{"start":{},"end":{}}],"line":148},"19":{"loc":{"start":{"line":157,"column":2},"end":{"line":165,"column":null}},"type":"if","locations":[{"start":{"line":157,"column":2},"end":{"line":165,"column":null}},{"start":{},"end":{}}],"line":157},"20":{"loc":{"start":{"line":170,"column":4},"end":{"line":172,"column":null}},"type":"cond-expr","locations":[{"start":{"line":171,"column":9},"end":{"line":171,"column":null}},{"start":{"line":172,"column":8},"end":{"line":172,"column":null}}],"line":170},"21":{"loc":{"start":{"line":177,"column":2},"end":{"line":208,"column":null}},"type":"if","locations":[{"start":{"line":177,"column":2},"end":{"line":208,"column":null}},{"start":{},"end":{}}],"line":177},"22":{"loc":{"start":{"line":183,"column":4},"end":{"line":189,"column":null}},"type":"if","locations":[{"start":{"line":183,"column":4},"end":{"line":189,"column":null}},{"start":{"line":186,"column":11},"end":{"line":189,"column":null}}],"line":183},"23":{"loc":{"start":{"line":185,"column":21},"end":{"line":185,"column":null}},"type":"binary-expr","locations":[{"start":{"line":185,"column":21},"end":{"line":185,"column":42}},{"start":{"line":185,"column":42},"end":{"line":185,"column":null}}],"line":185},"24":{"loc":{"start":{"line":188,"column":21},"end":{"line":188,"column":null}},"type":"binary-expr","locations":[{"start":{"line":188,"column":21},"end":{"line":188,"column":42}},{"start":{"line":188,"column":42},"end":{"line":188,"column":null}}],"line":188},"25":{"loc":{"start":{"line":191,"column":4},"end":{"line":207,"column":null}},"type":"if","locations":[{"start":{"line":191,"column":4},"end":{"line":207,"column":null}},{"start":{},"end":{}}],"line":191},"26":{"loc":{"start":{"line":193,"column":6},"end":{"line":197,"column":null}},"type":"if","locations":[{"start":{"line":193,"column":6},"end":{"line":197,"column":null}},{"start":{},"end":{}}],"line":193},"27":{"loc":{"start":{"line":198,"column":6},"end":{"line":206,"column":null}},"type":"if","locations":[{"start":{"line":198,"column":6},"end":{"line":206,"column":null}},{"start":{},"end":{}}],"line":198},"28":{"loc":{"start":{"line":214,"column":4},"end":{"line":229,"column":null}},"type":"if","locations":[{"start":{"line":214,"column":4},"end":{"line":229,"column":null}},{"start":{},"end":{}}],"line":214},"29":{"loc":{"start":{"line":214,"column":8},"end":{"line":214,"column":62}},"type":"binary-expr","locations":[{"start":{"line":214,"column":8},"end":{"line":214,"column":37}},{"start":{"line":214,"column":37},"end":{"line":214,"column":62}}],"line":214},"30":{"loc":{"start":{"line":216,"column":6},"end":{"line":218,"column":null}},"type":"if","locations":[{"start":{"line":216,"column":6},"end":{"line":218,"column":null}},{"start":{},"end":{}}],"line":216},"31":{"loc":{"start":{"line":219,"column":6},"end":{"line":227,"column":null}},"type":"if","locations":[{"start":{"line":219,"column":6},"end":{"line":227,"column":null}},{"start":{},"end":{}}],"line":219},"32":{"loc":{"start":{"line":233,"column":2},"end":{"line":245,"column":null}},"type":"if","locations":[{"start":{"line":233,"column":2},"end":{"line":245,"column":null}},{"start":{},"end":{}}],"line":233},"33":{"loc":{"start":{"line":236,"column":4},"end":{"line":244,"column":null}},"type":"if","locations":[{"start":{"line":236,"column":4},"end":{"line":244,"column":null}},{"start":{},"end":{}}],"line":236},"34":{"loc":{"start":{"line":248,"column":2},"end":{"line":265,"column":null}},"type":"if","locations":[{"start":{"line":248,"column":2},"end":{"line":265,"column":null}},{"start":{},"end":{}}],"line":248},"35":{"loc":{"start":{"line":249,"column":4},"end":{"line":250,"column":null}},"type":"binary-expr","locations":[{"start":{"line":249,"column":4},"end":{"line":249,"column":null}},{"start":{"line":250,"column":4},"end":{"line":250,"column":null}}],"line":249},"36":{"loc":{"start":{"line":253,"column":4},"end":{"line":255,"column":null}},"type":"if","locations":[{"start":{"line":253,"column":4},"end":{"line":255,"column":null}},{"start":{},"end":{}}],"line":253},"37":{"loc":{"start":{"line":256,"column":4},"end":{"line":264,"column":null}},"type":"if","locations":[{"start":{"line":256,"column":4},"end":{"line":264,"column":null}},{"start":{},"end":{}}],"line":256},"38":{"loc":{"start":{"line":271,"column":2},"end":{"line":275,"column":null}},"type":"if","locations":[{"start":{"line":271,"column":2},"end":{"line":275,"column":null}},{"start":{},"end":{}}],"line":271},"39":{"loc":{"start":{"line":271,"column":6},"end":{"line":271,"column":64}},"type":"binary-expr","locations":[{"start":{"line":271,"column":6},"end":{"line":271,"column":34}},{"start":{"line":271,"column":34},"end":{"line":271,"column":64}}],"line":271},"40":{"loc":{"start":{"line":273,"column":6},"end":{"line":273,"column":null}},"type":"cond-expr","locations":[{"start":{"line":273,"column":51},"end":{"line":273,"column":67}},{"start":{"line":273,"column":67},"end":{"line":273,"column":null}}],"line":273},"41":{"loc":{"start":{"line":279,"column":2},"end":{"line":281,"column":null}},"type":"if","locations":[{"start":{"line":279,"column":2},"end":{"line":281,"column":null}},{"start":{},"end":{}}],"line":279},"42":{"loc":{"start":{"line":291,"column":21},"end":{"line":291,"column":null}},"type":"cond-expr","locations":[{"start":{"line":291,"column":48},"end":{"line":291,"column":75}},{"start":{"line":291,"column":75},"end":{"line":291,"column":null}}],"line":291},"43":{"loc":{"start":{"line":308,"column":4},"end":{"line":310,"column":null}},"type":"cond-expr","locations":[{"start":{"line":309,"column":8},"end":{"line":309,"column":null}},{"start":{"line":310,"column":8},"end":{"line":310,"column":null}}],"line":308},"44":{"loc":{"start":{"line":319,"column":4},"end":{"line":321,"column":null}},"type":"if","locations":[{"start":{"line":319,"column":4},"end":{"line":321,"column":null}},{"start":{},"end":{}}],"line":319},"45":{"loc":{"start":{"line":319,"column":8},"end":{"line":319,"column":83}},"type":"binary-expr","locations":[{"start":{"line":319,"column":8},"end":{"line":319,"column":42}},{"start":{"line":319,"column":42},"end":{"line":319,"column":83}}],"line":319},"46":{"loc":{"start":{"line":322,"column":4},"end":{"line":328,"column":null}},"type":"if","locations":[{"start":{"line":322,"column":4},"end":{"line":328,"column":null}},{"start":{},"end":{}}],"line":322},"47":{"loc":{"start":{"line":324,"column":6},"end":{"line":326,"column":null}},"type":"if","locations":[{"start":{"line":324,"column":6},"end":{"line":326,"column":null}},{"start":{},"end":{}}],"line":324}},"s":{"0":32,"1":32,"2":32,"3":32,"4":32,"5":1,"6":31,"7":31,"8":2,"9":2,"10":2,"11":29,"12":5,"13":5,"14":3,"15":3,"16":3,"17":2,"18":5,"19":2,"20":2,"21":3,"22":3,"23":24,"24":24,"25":31,"26":31,"27":31,"28":2,"29":2,"30":2,"31":31,"32":1,"33":1,"34":1,"35":31,"36":1,"37":1,"38":1,"39":31,"40":7,"41":7,"42":7,"43":4,"44":4,"45":4,"46":4,"47":4,"48":4,"49":31,"50":1,"51":1,"52":31,"53":1,"54":1,"55":31,"56":32,"57":32,"58":31,"59":31,"60":31,"61":31,"62":31,"63":30,"64":1,"65":31,"66":4,"67":4,"68":1,"69":4,"70":4,"71":4,"72":31,"73":31,"74":31,"75":31,"76":2,"77":2,"78":1,"79":2,"80":2,"81":2,"82":2,"83":31,"84":1,"85":1,"86":1,"87":1,"88":31,"89":1,"90":1,"91":1,"92":1,"93":1,"94":1,"95":31,"96":31,"97":30,"98":30,"99":31,"100":31,"101":1,"102":31,"103":31,"104":6,"105":6,"106":6,"107":6,"108":6,"109":6,"110":10,"111":1,"112":9,"113":5,"114":5,"115":5,"116":5,"117":1},"f":{"0":32,"1":3,"2":6,"3":6},"b":{"0":[1,31],"1":[2,29],"2":[2,0],"3":[5,24],"4":[29,25],"5":[3,2],"6":[5,3],"7":[2,1],"8":[3,2],"9":[1,1],"10":[2,3],"11":[2,29],"12":[1,30],"13":[1,30],"14":[7,24],"15":[2,5],"16":[7,5],"17":[4,3],"18":[1,30],"19":[1,30],"20":[31,0],"21":[31,1],"22":[30,1],"23":[30,28],"24":[1,1],"25":[4,27],"26":[1,3],"27":[4,0],"28":[2,29],"29":[31,29],"30":[1,1],"31":[2,0],"32":[1,30],"33":[1,0],"34":[1,30],"35":[31,30],"36":[1,0],"37":[1,0],"38":[30,1],"39":[31,30],"40":[1,29],"41":[1,30],"42":[30,1],"43":[6,0],"44":[1,9],"45":[10,1],"46":[5,4],"47":[5,0]},"meta":{"lastBranch":48,"lastFunction":4,"lastStatement":118,"seen":{"f:4:16:4:Infinity":0,"s:10:49:10:Infinity":0,"s:11:22:11:Infinity":1,"s:12:22:12:Infinity":2,"s:15:16:15:Infinity":3,"b:16:2:18:Infinity:undefined:undefined:undefined:undefined":0,"s:16:2:18:Infinity":4,"s:17:4:17:Infinity":5,"s:20:23:20:Infinity":6,"b:22:2:83:Infinity:31:9:83:Infinity":1,"s:22:2:83:Infinity":7,"s:23:18:23:Infinity":8,"b:23:27:23:42:23:42:23:45":2,"s:24:4:24:Infinity":9,"s:25:4:30:Infinity":10,"b:31:9:83:Infinity:69:9:83:Infinity":3,"s:31:9:83:Infinity":11,"b:32:4:32:Infinity:33:4:33:Infinity":4,"s:35:41:35:Infinity":12,"b:36:4:44:Infinity:undefined:undefined:undefined:undefined":5,"s:36:4:44:Infinity":13,"b:36:8:36:19:36:19:36:40":6,"s:37:19:37:Infinity":14,"f:37:33:37:39":1,"s:37:45:37:77":15,"b:38:6:43:Infinity:undefined:undefined:undefined:undefined":7,"s:38:6:43:Infinity":16,"b:38:10:38:18:38:18:38:49":8,"s:39:8:42:Infinity":17,"b:41:14:41:Infinity:42:14:42:Infinity":9,"b:46:4:68:Infinity:54:11:68:Infinity":10,"s:46:4:68:Infinity":18,"s:47:6:47:Infinity":19,"s:48:6:53:Infinity":20,"s:56:6:61:Infinity":21,"s:62:6:67:Infinity":22,"s:71:4:76:Infinity":23,"s:77:4:82:Infinity":24,"s:85:2:85:Infinity":25,"s:86:2:86:Infinity":26,"b:89:2:98:Infinity:undefined:undefined:undefined:undefined":11,"s:89:2:98:Infinity":27,"s:90:19:90:Infinity":28,"s:91:4:96:Infinity":29,"s:97:4:97:Infinity":30,"b:101:2:110:Infinity:undefined:undefined:undefined:undefined":12,"s:101:2:110:Infinity":31,"s:102:19:102:Infinity":32,"s:103:4:108:Infinity":33,"s:109:4:109:Infinity":34,"b:113:2:122:Infinity:undefined:undefined:undefined:undefined":13,"s:113:2:122:Infinity":35,"s:114:19:114:Infinity":36,"s:115:4:120:Infinity":37,"s:121:4:121:Infinity":38,"b:125:2:145:Infinity:undefined:undefined:undefined:undefined":14,"s:125:2:145:Infinity":39,"s:127:6:129:Infinity":40,"b:128:10:128:Infinity:129:10:129:Infinity":15,"b:127:6:127:46:127:46:127:Infinity":16,"s:131:28:131:Infinity":41,"b:132:4:144:Infinity:undefined:undefined:undefined:undefined":17,"s:132:4:144:Infinity":42,"s:133:24:133:Infinity":43,"s:134:21:134:Infinity":44,"s:135:28:135:Infinity":45,"s:136:21:136:Infinity":46,"s:137:6:142:Infinity":47,"s:143:6:143:Infinity":48,"b:148:2:156:Infinity:undefined:undefined:undefined:undefined":18,"s:148:2:156:Infinity":49,"s:149:4:154:Infinity":50,"s:155:4:155:Infinity":51,"b:157:2:165:Infinity:undefined:undefined:undefined:undefined":19,"s:157:2:165:Infinity":52,"s:158:4:163:Infinity":53,"s:164:4:164:Infinity":54,"s:170:4:172:Infinity":55,"b:171:9:171:Infinity:172:8:172:Infinity":20,"s:174:20:174:Infinity":56,"b:177:2:208:Infinity:undefined:undefined:undefined:undefined":21,"s:177:2:208:Infinity":57,"s:178:17:178:Infinity":58,"s:179:22:179:Infinity":59,"s:180:20:180:Infinity":60,"s:181:23:181:Infinity":61,"b:183:4:189:Infinity:186:11:189:Infinity":22,"s:183:4:189:Infinity":62,"s:185:6:185:Infinity":63,"b:185:21:185:42:185:42:185:Infinity":23,"s:188:6:188:Infinity":64,"b:188:21:188:42:188:42:188:Infinity":24,"b:191:4:207:Infinity:undefined:undefined:undefined:undefined":25,"s:191:4:207:Infinity":65,"s:192:19:192:Infinity":66,"b:193:6:197:Infinity:undefined:undefined:undefined:undefined":26,"s:193:6:197:Infinity":67,"s:194:8:196:Infinity":68,"b:198:6:206:Infinity:undefined:undefined:undefined:undefined":27,"s:198:6:206:Infinity":69,"s:199:8:204:Infinity":70,"s:205:8:205:Infinity":71,"s:211:23:211:Infinity":72,"s:212:21:212:Infinity":73,"s:213:2:230:Infinity":74,"b:214:4:229:Infinity:undefined:undefined:undefined:undefined":28,"s:214:4:229:Infinity":75,"b:214:8:214:37:214:37:214:62":29,"s:215:19:215:Infinity":76,"b:216:6:218:Infinity:undefined:undefined:undefined:undefined":30,"s:216:6:218:Infinity":77,"s:217:8:217:Infinity":78,"b:219:6:227:Infinity:undefined:undefined:undefined:undefined":31,"s:219:6:227:Infinity":79,"s:220:8:225:Infinity":80,"s:226:8:226:Infinity":81,"s:228:6:228:Infinity":82,"b:233:2:245:Infinity:undefined:undefined:undefined:undefined":32,"s:233:2:245:Infinity":83,"s:235:6:235:Infinity":84,"b:236:4:244:Infinity:undefined:undefined:undefined:undefined":33,"s:236:4:244:Infinity":85,"s:237:6:242:Infinity":86,"s:243:6:243:Infinity":87,"b:248:2:265:Infinity:undefined:undefined:undefined:undefined":34,"s:248:2:265:Infinity":88,"b:249:4:249:Infinity:250:4:250:Infinity":35,"s:252:17:252:Infinity":89,"b:253:4:255:Infinity:undefined:undefined:undefined:undefined":36,"s:253:4:255:Infinity":90,"s:254:6:254:Infinity":91,"b:256:4:264:Infinity:undefined:undefined:undefined:undefined":37,"s:256:4:264:Infinity":92,"s:257:6:262:Infinity":93,"s:263:6:263:Infinity":94,"s:270:22:270:Infinity":95,"b:271:2:275:Infinity:undefined:undefined:undefined:undefined":38,"s:271:2:275:Infinity":96,"b:271:6:271:34:271:34:271:64":39,"s:273:6:273:Infinity":97,"b:273:51:273:67:273:67:273:Infinity":40,"s:274:4:274:Infinity":98,"s:278:17:278:Infinity":99,"b:279:2:281:Infinity:undefined:undefined:undefined:undefined":41,"s:279:2:281:Infinity":100,"s:280:4:280:Infinity":101,"s:284:21:284:Infinity":102,"s:286:2:297:Infinity":103,"b:291:48:291:75:291:75:291:Infinity":42,"f:300:16:300:Infinity":2,"s:308:4:310:Infinity":104,"b:309:8:309:Infinity:310:8:310:Infinity":43,"s:312:25:312:Infinity":105,"s:313:28:313:Infinity":106,"s:316:18:316:Infinity":107,"f:316:44:316:50":3,"s:316:59:316:100":108,"s:318:2:329:Infinity":109,"b:319:4:321:Infinity:undefined:undefined:undefined:undefined":44,"s:319:4:321:Infinity":110,"b:319:8:319:42:319:42:319:83":45,"s:320:6:320:Infinity":111,"b:322:4:328:Infinity:undefined:undefined:undefined:undefined":46,"s:322:4:328:Infinity":112,"s:323:16:323:Infinity":113,"b:324:6:326:Infinity:undefined:undefined:undefined:undefined":47,"s:324:6:326:Infinity":114,"s:325:8:325:Infinity":115,"s:327:6:327:Infinity":116,"s:331:2:331:Infinity":117},"fnNames":{}}}
,"/Users/drewsmacbookpro/Documents/antigravity/goofy-meitner/luxe/functions/src/shared/address.ts": {"path":"/Users/drewsmacbookpro/Documents/antigravity/goofy-meitner/luxe/functions/src/shared/address.ts","statementMap":{"0":{"start":{"line":3,"column":29},"end":{"line":15,"column":null}}},"fnMap":{},"branchMap":{},"s":{"0":1},"f":{},"b":{},"meta":{"lastBranch":0,"lastFunction":0,"lastStatement":1,"seen":{"s:3:29:15:Infinity":0},"fnNames":{}}}
,"/Users/drewsmacbookpro/Documents/antigravity/goofy-meitner/luxe/functions/src/shared/preferences.ts": {"path":"/Users/drewsmacbookpro/Documents/antigravity/goofy-meitner/luxe/functions/src/shared/preferences.ts","statementMap":{"0":{"start":{"line":4,"column":39},"end":{"line":53,"column":null}}},"fnMap":{},"branchMap":{},"s":{"0":1},"f":{},"b":{},"meta":{"lastBranch":0,"lastFunction":0,"lastStatement":1,"seen":{"s:4:39:53:Infinity":0},"fnNames":{}}}
,"/Users/drewsmacbookpro/Documents/antigravity/goofy-meitner/luxe/functions/src/shared/pricing.ts": {"path":"/Users/drewsmacbookpro/Documents/antigravity/goofy-meitner/luxe/functions/src/shared/pricing.ts","statementMap":{"0":{"start":{"line":4,"column":36},"end":{"line":22,"column":null}},"1":{"start":{"line":26,"column":36},"end":{"line":93,"column":null}},"2":{"start":{"line":97,"column":32},"end":{"line":114,"column":null}}},"fnMap":{},"branchMap":{},"s":{"0":1,"1":1,"2":1},"f":{},"b":{},"meta":{"lastBranch":0,"lastFunction":0,"lastStatement":3,"seen":{"s:4:36:22:Infinity":0,"s:26:36:93:Infinity":1,"s:97:32:114:Infinity":2},"fnNames":{}}}
,"/Users/drewsmacbookpro/Documents/antigravity/goofy-meitner/luxe/functions/src/shared/reservation.ts": {"path":"/Users/drewsmacbookpro/Documents/antigravity/goofy-meitner/luxe/functions/src/shared/reservation.ts","statementMap":{"0":{"start":{"line":7,"column":39},"end":{"line":18,"column":null}},"1":{"start":{"line":22,"column":40},"end":{"line":30,"column":null}},"2":{"start":{"line":34,"column":33},"end":{"line":103,"column":null}},"3":{"start":{"line":107,"column":44},"end":{"line":115,"column":null}},"4":{"start":{"line":130,"column":2},"end":{"line":130,"column":null}},"5":{"start":{"line":130,"column":25},"end":{"line":130,"column":null}},"6":{"start":{"line":132,"column":2},"end":{"line":171,"column":null}},"7":{"start":{"line":134,"column":6},"end":{"line":134,"column":null}},"8":{"start":{"line":136,"column":6},"end":{"line":138,"column":null}},"9":{"start":{"line":141,"column":6},"end":{"line":143,"column":null}},"10":{"start":{"line":146,"column":6},"end":{"line":149,"column":null}},"11":{"start":{"line":152,"column":6},"end":{"line":154,"column":null}},"12":{"start":{"line":157,"column":6},"end":{"line":160,"column":null}},"13":{"start":{"line":163,"column":6},"end":{"line":163,"column":null}},"14":{"start":{"line":168,"column":6},"end":{"line":168,"column":null}},"15":{"start":{"line":170,"column":6},"end":{"line":170,"column":null}}},"fnMap":{"0":{"name":"canTransition","decl":{"start":{"line":125,"column":16},"end":{"line":125,"column":null}},"loc":{"start":{"line":129,"column":11},"end":{"line":172,"column":null}},"line":129}},"branchMap":{"0":{"loc":{"start":{"line":130,"column":2},"end":{"line":130,"column":null}},"type":"if","locations":[{"start":{"line":130,"column":2},"end":{"line":130,"column":null}},{"start":{},"end":{}}],"line":130},"1":{"loc":{"start":{"line":132,"column":2},"end":{"line":171,"column":null}},"type":"switch","locations":[{"start":{"line":133,"column":4},"end":{"line":134,"column":null}},{"start":{"line":135,"column":4},"end":{"line":138,"column":null}},{"start":{"line":140,"column":4},"end":{"line":143,"column":null}},{"start":{"line":145,"column":4},"end":{"line":149,"column":null}},{"start":{"line":151,"column":4},"end":{"line":154,"column":null}},{"start":{"line":156,"column":4},"end":{"line":160,"column":null}},{"start":{"line":162,"column":4},"end":{"line":163,"column":null}},{"start":{"line":164,"column":4},"end":{"line":164,"column":null}},{"start":{"line":165,"column":4},"end":{"line":165,"column":null}},{"start":{"line":166,"column":4},"end":{"line":168,"column":null}},{"start":{"line":169,"column":4},"end":{"line":170,"column":null}}],"line":132},"2":{"loc":{"start":{"line":134,"column":13},"end":{"line":134,"column":null}},"type":"binary-expr","locations":[{"start":{"line":134,"column":13},"end":{"line":134,"column":33}},{"start":{"line":134,"column":33},"end":{"line":134,"column":55}},{"start":{"line":134,"column":55},"end":{"line":134,"column":null}}],"line":134},"3":{"loc":{"start":{"line":137,"column":9},"end":{"line":138,"column":null}},"type":"binary-expr","locations":[{"start":{"line":137,"column":9},"end":{"line":137,"column":28}},{"start":{"line":137,"column":28},"end":{"line":137,"column":null}},{"start":{"line":138,"column":9},"end":{"line":138,"column":32}},{"start":{"line":138,"column":32},"end":{"line":138,"column":53}},{"start":{"line":138,"column":53},"end":{"line":138,"column":null}}],"line":137},"4":{"loc":{"start":{"line":142,"column":9},"end":{"line":143,"column":null}},"type":"binary-expr","locations":[{"start":{"line":142,"column":9},"end":{"line":142,"column":37}},{"start":{"line":142,"column":37},"end":{"line":142,"column":null}},{"start":{"line":143,"column":9},"end":{"line":143,"column":31}},{"start":{"line":143,"column":31},"end":{"line":143,"column":null}}],"line":142},"5":{"loc":{"start":{"line":147,"column":9},"end":{"line":149,"column":null}},"type":"binary-expr","locations":[{"start":{"line":147,"column":9},"end":{"line":147,"column":30}},{"start":{"line":147,"column":30},"end":{"line":147,"column":null}},{"start":{"line":148,"column":9},"end":{"line":148,"column":28}},{"start":{"line":148,"column":28},"end":{"line":148,"column":null}},{"start":{"line":149,"column":9},"end":{"line":149,"column":31}},{"start":{"line":149,"column":31},"end":{"line":149,"column":null}}],"line":147},"6":{"loc":{"start":{"line":153,"column":9},"end":{"line":154,"column":null}},"type":"binary-expr","locations":[{"start":{"line":153,"column":9},"end":{"line":153,"column":29}},{"start":{"line":153,"column":29},"end":{"line":153,"column":null}},{"start":{"line":154,"column":9},"end":{"line":154,"column":31}},{"start":{"line":154,"column":31},"end":{"line":154,"column":null}}],"line":153},"7":{"loc":{"start":{"line":158,"column":9},"end":{"line":160,"column":null}},"type":"binary-expr","locations":[{"start":{"line":158,"column":9},"end":{"line":158,"column":39}},{"start":{"line":158,"column":39},"end":{"line":158,"column":null}},{"start":{"line":159,"column":9},"end":{"line":159,"column":29}},{"start":{"line":159,"column":29},"end":{"line":159,"column":null}},{"start":{"line":160,"column":9},"end":{"line":160,"column":31}},{"start":{"line":160,"column":31},"end":{"line":160,"column":null}}],"line":158},"8":{"loc":{"start":{"line":163,"column":13},"end":{"line":163,"column":null}},"type":"binary-expr","locations":[{"start":{"line":163,"column":13},"end":{"line":163,"column":35}},{"start":{"line":163,"column":35},"end":{"line":163,"column":null}}],"line":163}},"s":{"0":1,"1":1,"2":1,"3":1,"4":33,"5":2,"6":31,"7":3,"8":5,"9":4,"10":4,"11":4,"12":4,"13":3,"14":4,"15":0},"f":{"0":33},"b":{"0":[2,31],"1":[3,5,4,4,4,4,3,2,3,4,0],"2":[3,2,1],"3":[5,2,4,2,1],"4":[4,1,3,1],"5":[4,1,3,1,2,1],"6":[4,1,3,1],"7":[4,1,3,1,2,1],"8":[3,1]},"meta":{"lastBranch":9,"lastFunction":1,"lastStatement":16,"seen":{"s:7:39:18:Infinity":0,"s:22:40:30:Infinity":1,"s:34:33:103:Infinity":2,"s:107:44:115:Infinity":3,"f:125:16:125:Infinity":0,"b:130:2:130:Infinity:undefined:undefined:undefined:undefined":0,"s:130:2:130:Infinity":4,"s:130:25:130:Infinity":5,"b:133:4:134:Infinity:135:4:138:Infinity:140:4:143:Infinity:145:4:149:Infinity:151:4:154:Infinity:156:4:160:Infinity:162:4:163:Infinity:164:4:164:Infinity:165:4:165:Infinity:166:4:168:Infinity:169:4:170:Infinity":1,"s:132:2:171:Infinity":6,"s:134:6:134:Infinity":7,"b:134:13:134:33:134:33:134:55:134:55:134:Infinity":2,"s:136:6:138:Infinity":8,"b:137:9:137:28:137:28:137:Infinity:138:9:138:32:138:32:138:53:138:53:138:Infinity":3,"s:141:6:143:Infinity":9,"b:142:9:142:37:142:37:142:Infinity:143:9:143:31:143:31:143:Infinity":4,"s:146:6:149:Infinity":10,"b:147:9:147:30:147:30:147:Infinity:148:9:148:28:148:28:148:Infinity:149:9:149:31:149:31:149:Infinity":5,"s:152:6:154:Infinity":11,"b:153:9:153:29:153:29:153:Infinity:154:9:154:31:154:31:154:Infinity":6,"s:157:6:160:Infinity":12,"b:158:9:158:39:158:39:158:Infinity:159:9:159:29:159:29:159:Infinity:160:9:160:31:160:31:160:Infinity":7,"s:163:6:163:Infinity":13,"b:163:13:163:35:163:35:163:Infinity":8,"s:168:6:168:Infinity":14,"s:170:6:170:Infinity":15},"fnNames":{}}}
,"/Users/drewsmacbookpro/Documents/antigravity/goofy-meitner/luxe/functions/src/shared/timestamp.ts": {"path":"/Users/drewsmacbookpro/Documents/antigravity/goofy-meitner/luxe/functions/src/shared/timestamp.ts","statementMap":{"0":{"start":{"line":4,"column":31},"end":{"line":7,"column":null}},"1":{"start":{"line":5,"column":16},"end":{"line":5,"column":null}}},"fnMap":{"0":{"name":"(anonymous_0)","decl":{"start":{"line":4,"column":33},"end":{"line":4,"column":null}},"loc":{"start":{"line":5,"column":16},"end":{"line":5,"column":null}},"line":5}},"branchMap":{"0":{"loc":{"start":{"line":5,"column":16},"end":{"line":5,"column":null}},"type":"binary-expr","locations":[{"start":{"line":5,"column":16},"end":{"line":5,"column":23}},{"start":{"line":5,"column":23},"end":{"line":5,"column":58}},{"start":{"line":5,"column":58},"end":{"line":5,"column":null}}],"line":5}},"s":{"0":1,"1":0},"f":{"0":0},"b":{"0":[0,0,0]},"meta":{"lastBranch":1,"lastFunction":1,"lastStatement":2,"seen":{"s:4:31:7:Infinity":0,"f:4:33:4:Infinity":0,"s:5:16:5:Infinity":1,"b:5:16:5:23:5:23:5:58:5:58:5:Infinity":0},"fnNames":{}}}
}
